[2011-01-29 08:39:45.125] [INFO] console - Express server listening on port %d
[2011-01-29 08:39:45.125] [INFO] console - Error: 8080
    at new LoggingEvent (/usr/local/lib/node/.npm/nave/0.1.3/package/installed/0.2.6/lib/node/.npm/log4js/0.2.3/package/lib/log4js.js:253:26)
    at Logger.log (/usr/local/lib/node/.npm/nave/0.1.3/package/installed/0.2.6/lib/node/.npm/log4js/0.2.3/package/lib/log4js.js:275:24)
    at Logger.info (/usr/local/lib/node/.npm/nave/0.1.3/package/installed/0.2.6/lib/node/.npm/log4js/0.2.3/package/lib/log4js.js:292:8)
    at Object.log (/usr/local/lib/node/.npm/nave/0.1.3/package/installed/0.2.6/lib/node/.npm/log4js/0.2.3/package/lib/log4js.js:631:20)
    at Object.<anonymous> (/ExamWork/Projects/GeneModifier/webserver/app.js:58:11)
    at Module._compile (node.js:462:23)
    at Module._loadScriptSync (node.js:469:10)
    at Module.loadSync (node.js:338:12)
    at Object.runMain (node.js:522:24)
    at Array.0 (node.js:756:12)
[2011-01-29 08:40:39.176] [INFO] console - Express server listening on port 8080
[2011-01-29 08:42:46.562] [INFO] console - Express server listening on port 8080
[2011-01-29 08:43:08.253] [INFO] console - Express server listening on port 8080
[2011-01-29 08:43:12.097] [INFO] console - Express server listening on port 8080
[2011-01-29 08:43:32.711] [INFO] console - Express server listening on port 8080
[2011-01-29 08:44:10.706] [INFO] console - Express server listening on port 8080
[2011-01-29 08:44:25.258] [INFO] console - Express server listening on port 8080
[2011-01-29 08:45:03.889] [INFO] console - Express server listening on port 8080
[2011-01-29 08:45:16.804] [INFO] console - Express server listening on port 8080
[2011-01-29 08:45:20.314] [INFO] console - Express server listening on port 8080
[2011-01-29 08:53:25.476] [INFO] console - Express server listening on port 8080
[2011-01-29 08:53:36.926] [INFO] console - Express server listening on port 8080
[2011-01-29 08:54:58.456] [INFO] console - Express server listening on port 8080
[2011-01-29 08:55:07.989] [INFO] console - Express server listening on port 8080
[2011-01-29 08:55:19.605] [INFO] console - Express server listening on port 8080
[2011-01-29 08:58:06.598] [INFO] console - Express server listening on port 8080
[2011-01-29 08:59:58.621] [INFO] console - Express server listening on port 8080
[2011-01-29 09:00:23.167] [INFO] console - Express server listening on port 8080
[2011-01-29 09:00:39.185] [INFO] console - Express server listening on port 8080
[2011-01-29 09:00:43.207] [INFO] console - Express server listening on port 8080
[2011-01-29 09:01:03.220] [INFO] console - Express server listening on port 8080
[2011-01-29 09:01:09.237] [INFO] console - Express server listening on port 8080
[2011-01-29 09:01:12.313] [INFO] console - Express server listening on port 8080
[2011-01-29 09:01:29.269] [INFO] console - Express server listening on port 8080
[2011-01-29 09:07:58.816] [INFO] console - Express server listening on port 8080
[2011-01-29 09:09:56.332] [INFO] console - Express server listening on port 8080
[2011-01-29 09:10:09.927] [INFO] console - Express server listening on port 8080
[2011-01-29 09:32:19.893] [INFO] console - Express server listening on port 8080
[2011-01-29 09:33:00.431] [INFO] console - Express server listening on port 8080
[2011-01-29 09:33:34.974] [INFO] console - Express server listening on port 8080
[2011-01-29 09:35:03.021] [INFO] console - Express server listening on port 8080
[2011-01-29 09:36:28.984] [INFO] console - Express server listening on port 8080
[2011-01-29 09:37:18.617] [INFO] console - Express server listening on port 8080
[2011-01-29 09:37:42.590] [INFO] console - Express server listening on port 8080
[2011-01-29 09:37:58.103] [INFO] console - Express server listening on port 8080
[2011-01-30 09:46:26.613] [INFO] console - Express server listening on port 8080
